# JRE version: Java(TM) SE Runtime Environment (8.0_102-b14) (build 1.8.0_102-b14)
# Java VM: Java HotSpot(TM) 64-Bit Server VM (25.102-b14 mixed mode linux-amd64 compressed oops)
Heap:
 PSYoungGen      total 960000K, used 597306K [0x0000000777f80000, 0x00000007c0000000, 0x00000007c0000000)
  eden space 788992K, 54% used [0x0000000777f80000,0x0000000791fdeb28,0x00000007a8200000)
  from space 171008K, 99% used [0x00000007a8200000,0x00000007b28eff50,0x00000007b2900000)
  to   space 210944K, 0% used [0x00000007b3200000,0x00000007b3200000,0x00000007c0000000)
 ParOldGen       total 363008K, used 219787K [0x00000006e7e00000, 0x00000006fe080000, 0x0000000777f80000)
  object space 363008K, 60% used [0x00000006e7e00000,0x00000006f54a2ec8,0x00000006fe080000)
 Metaspace       used 182511K, capacity 185204K, committed 186020K, reserved 1210368K
  class space    used 23895K, capacity 24452K, committed 24524K, reserved 1048576K
GC Heap History (10 events):
Event: 2168,720 GC heap before
{Heap before GC invocations=26 (full 5):
 PSYoungGen      total 992768K, used 827904K [0x0000000777f80000, 0x00000007c0000000, 0x00000007c0000000)
  eden space 827904K, 100% used [0x0000000777f80000,0x00000007aa800000,0x00000007aa800000)
  from space 164864K, 0% used [0x00000007b5f00000,0x00000007b5f00000,0x00000007c0000000)
  to   space 176128K, 0% used [0x00000007aa800000,0x00000007aa800000,0x00000007b5400000)
 ParOldGen       total 363008K, used 177769K [0x00000006e7e00000, 0x00000006fe080000, 0x0000000777f80000)
  object space 363008K, 48% used [0x00000006e7e00000,0x00000006f2b9a490,0x00000006fe080000)
 Metaspace       used 146753K, capacity 149232K, committed 149924K, reserved 1179648K
  class space    used 19063K, capacity 19562K, committed 19660K, reserved 1048576K
Event: 2168,785 GC heap after
Heap after GC invocations=26 (full 5):
 PSYoungGen      total 1004032K, used 55256K [0x0000000777f80000, 0x00000007bfb00000, 0x00000007c0000000)
  eden space 827904K, 0% used [0x0000000777f80000,0x0000000777f80000,0x00000007aa800000)
  from space 176128K, 31% used [0x00000007aa800000,0x00000007addf62f8,0x00000007b5400000)
  to   space 167936K, 0% used [0x00000007b5700000,0x00000007b5700000,0x00000007bfb00000)
 ParOldGen       total 363008K, used 177793K [0x00000006e7e00000, 0x00000006fe080000, 0x0000000777f80000)
  object space 363008K, 48% used [0x00000006e7e00000,0x00000006f2ba04a8,0x00000006fe080000)
 Metaspace       used 146753K, capacity 149232K, committed 149924K, reserved 1179648K
  class space    used 19063K, capacity 19562K, committed 19660K, reserved 1048576K
}
Event: 2182,019 GC heap before
{Heap before GC invocations=27 (full 5):
 PSYoungGen      total 1004032K, used 883160K [0x0000000777f80000, 0x00000007bfb00000, 0x00000007c0000000)
  eden space 827904K, 100% used [0x0000000777f80000,0x00000007aa800000,0x00000007aa800000)
  from space 176128K, 31% used [0x00000007aa800000,0x00000007addf62f8,0x00000007b5400000)
  to   space 167936K, 0% used [0x00000007b5700000,0x00000007b5700000,0x00000007bfb00000)
 ParOldGen       total 363008K, used 177852K [0x00000006e7e00000, 0x00000006fe080000, 0x0000000777f80000)
  object space 363008K, 48% used [0x00000006e7e00000,0x00000006f2baf020,0x00000006fe080000)
 Metaspace       used 148124K, capacity 150644K, committed 151076K, reserved 1181696K
  class space    used 19222K, capacity 19732K, committed 19788K, reserved 1048576K
Event: 2182,362 GC heap after
Heap after GC invocations=27 (full 5):
 PSYoungGen      total 946688K, used 167906K [0x0000000777f80000, 0x00000007c0000000, 0x00000007c0000000)
  eden space 778752K, 0% used [0x0000000777f80000,0x0000000777f80000,0x00000007a7800000)
  from space 167936K, 99% used [0x00000007b5700000,0x00000007bfaf8a00,0x00000007bfb00000)
  to   space 200704K, 0% used [0x00000007a7800000,0x00000007a7800000,0x00000007b3c00000)
 ParOldGen       total 363008K, used 193959K [0x00000006e7e00000, 0x00000006fe080000, 0x0000000777f80000)
  object space 363008K, 53% used [0x00000006e7e00000,0x00000006f3b69c50,0x00000006fe080000)
 Metaspace       used 148124K, capacity 150644K, committed 151076K, reserved 1181696K
  class space    used 19222K, capacity 19732K, committed 19788K, reserved 1048576K
}
Event: 2187,660 GC heap before
{Heap before GC invocations=28 (full 5):
 PSYoungGen      total 946688K, used 946658K [0x0000000777f80000, 0x00000007c0000000, 0x00000007c0000000)
  eden space 778752K, 100% used [0x0000000777f80000,0x00000007a7800000,0x00000007a7800000)
  from space 167936K, 99% used [0x00000007b5700000,0x00000007bfaf8a00,0x00000007bfb00000)
  to   space 200704K, 0% used [0x00000007a7800000,0x00000007a7800000,0x00000007b3c00000)
 ParOldGen       total 363008K, used 193962K [0x00000006e7e00000, 0x00000006fe080000, 0x0000000777f80000)
  object space 363008K, 53% used [0x00000006e7e00000,0x00000006f3b6ab98,0x00000006fe080000)
 Metaspace       used 163392K, capacity 165954K, committed 166692K, reserved 1193984K
  class space    used 21526K, capacity 22049K, committed 22092K, reserved 1048576K
Event: 2187,777 GC heap after
Heap after GC invocations=28 (full 5):
 PSYoungGen      total 979456K, used 70440K [0x0000000777f80000, 0x00000007c0000000, 0x00000007c0000000)
  eden space 778752K, 0% used [0x0000000777f80000,0x0000000777f80000,0x00000007a7800000)
  from space 200704K, 35% used [0x00000007a7800000,0x00000007abcca1f8,0x00000007b3c00000)
  to   space 190464K, 0% used [0x00000007b4600000,0x00000007b4600000,0x00000007c0000000)
 ParOldGen       total 363008K, used 202907K [0x00000006e7e00000, 0x00000006fe080000, 0x0000000777f80000)
  object space 363008K, 55% used [0x00000006e7e00000,0x00000006f4426f30,0x00000006fe080000)
 Metaspace       used 163392K, capacity 165954K, committed 166692K, reserved 1193984K
  class space    used 21526K, capacity 22049K, committed 22092K, reserved 1048576K
}
Event: 2236,814 GC heap before
{Heap before GC invocations=29 (full 5):
 PSYoungGen      total 979456K, used 849192K [0x0000000777f80000, 0x00000007c0000000, 0x00000007c0000000)
  eden space 778752K, 100% used [0x0000000777f80000,0x00000007a7800000,0x00000007a7800000)
  from space 200704K, 35% used [0x00000007a7800000,0x00000007abcca1f8,0x00000007b3c00000)
  to   space 190464K, 0% used [0x00000007b4600000,0x00000007b4600000,0x00000007c0000000)
 ParOldGen       total 363008K, used 202907K [0x00000006e7e00000, 0x00000006fe080000, 0x0000000777f80000)
  object space 363008K, 55% used [0x00000006e7e00000,0x00000006f4426f30,0x00000006fe080000)
 Metaspace       used 181837K, capacity 184444K, committed 185380K, reserved 1210368K
  class space    used 23812K, capacity 24348K, committed 24396K, reserved 1048576K
Event: 2236,904 GC heap after
Heap after GC invocations=29 (full 5):
 PSYoungGen      total 961024K, used 37461K [0x0000000777f80000, 0x00000007bee00000, 0x00000007c0000000)
  eden space 788992K, 0% used [0x0000000777f80000,0x0000000777f80000,0x00000007a8200000)
  from space 172032K, 21% used [0x00000007b4600000,0x00000007b6a956e0,0x00000007bee00000)
  to   space 186368K, 0% used [0x00000007a8200000,0x00000007a8200000,0x00000007b3800000)
 ParOldGen       total 363008K, used 207339K [0x00000006e7e00000, 0x00000006fe080000, 0x0000000777f80000)
  object space 363008K, 57% used [0x00000006e7e00000,0x00000006f487af88,0x00000006fe080000)
 Metaspace       used 181837K, capacity 184444K, committed 185380K, reserved 1210368K
  class space    used 23812K, capacity 24348K, committed 24396K, reserved 1048576K
}
Event: 2241,639 GC heap before
{Heap before GC invocations=30 (full 5):
 PSYoungGen      total 961024K, used 826453K [0x0000000777f80000, 0x00000007bee00000, 0x00000007c0000000)
  eden space 788992K, 100% used [0x0000000777f80000,0x00000007a8200000,0x00000007a8200000)
  from space 172032K, 21% used [0x00000007b4600000,0x00000007b6a956e0,0x00000007bee00000)
  to   space 186368K, 0% used [0x00000007a8200000,0x00000007a8200000,0x00000007b3800000)
 ParOldGen       total 363008K, used 207372K [0x00000006e7e00000, 0x00000006fe080000, 0x0000000777f80000)
  object space 363008K, 57% used [0x00000006e7e00000,0x00000006f48831a0,0x00000006fe080000)
 Metaspace       used 181963K, capacity 184628K, committed 185380K, reserved 1210368K
  class space    used 23841K, capacity 24388K, committed 24396K, reserved 1048576K
Event: 2242,056 GC heap after
Heap after GC invocations=30 (full 5):
 PSYoungGen      total 960000K, used 170943K [0x0000000777f80000, 0x00000007c0000000, 0x00000007c0000000)
  eden space 788992K, 0% used [0x0000000777f80000,0x0000000777f80000,0x00000007a8200000)
  from space 171008K, 99% used [0x00000007a8200000,0x00000007b28eff50,0x00000007b2900000)
  to   space 210944K, 0% used [0x00000007b3200000,0x00000007b3200000,0x00000007c0000000)
 ParOldGen       total 363008K, used 219787K [0x00000006e7e00000, 0x00000006fe080000, 0x0000000777f80000)
  object space 363008K, 60% used [0x00000006e7e00000,0x00000006f54a2ec8,0x00000006fe080000)
 Metaspace       used 181963K, capacity 184628K, committed 185380K, reserved 1210368K
  class space    used 23841K, capacity 24388K, committed 24396K, reserved 1048576K
}

